06:43:34.847 [JavaFX Application Thread] DEBUG GameApplication      - Logger initialized
06:43:34.851 [JavaFX Application Thread] DEBUG MainWindow           - Creating a JavaFX scene
06:43:34.919 [JavaFX Application Thread] DEBUG MainWindow           - Target settings size: 1920.0 x 1080.0
06:43:34.919 [JavaFX Application Thread] DEBUG MainWindow           - Scaled scene size:    1920.0 x 1080.0
06:43:34.919 [JavaFX Application Thread] DEBUG MainWindow           - Scaled ratio: (1.0, 1.0)
06:43:35.026 [JavaFX Application Thread] DEBUG GameApplication      - Starting FXGL
06:43:35.048 [FXGL Launcher Thread     ] INFO  Version              - FXGL-0.4.3
06:43:35.049 [FXGL Launcher Thread     ] INFO  Version              - Source code and latest versions at: https://github.com/AlmasB/FXGL
06:43:35.049 [FXGL Launcher Thread     ] INFO  Version              -              Join the FXGL chat at: https://gitter.im/AlmasB/FXGL
06:43:35.050 [FXGL Launcher Thread     ] DEBUG FXGL                 - Loading FXGL system data
06:43:35.053 [FXGL Launcher Thread     ] DEBUG IOTask               - Executing task: readDataTask(system/fxgl.bundle)
06:43:35.057 [FXGL Launcher Thread     ] DEBUG FS                   - Reading from: system\fxgl.bundle
06:43:35.065 [FXGL Launcher Thread     ] DEBUG IOTask               - Task succeeded: readDataTask(system/fxgl.bundle)
06:43:35.065 [FXGL Launcher Thread     ] DEBUG Bundle               - Logging bundle: FXGL
06:43:35.065 [FXGL Launcher Thread     ] DEBUG Bundle               - FXGL.offline.timer.version.check=2018-03-19T21:48:06.121
06:43:35.070 [FXGL Launcher Thread     ] DEBUG GameApplication      - FXGL started
06:43:35.071 [FXGL Launcher Thread     ] DEBUG GameApplication      - Logging game settings
Title: Zombie Game
Version: 0.1
Width: 1920
Height: 1080
Fullscreen: true
Intro: true
Menus: true
Profiling: false
Single step:false
App Mode: DEVELOPER
Menu Key: ESCAPE
Stage Style: UNDECORATED
Scene Factory: class com.almasb.fxgl.scene.SceneFactory
Dialog Factory: class com.almasb.fxgl.ui.FXGLDialogFactory
UI Factory: class com.almasb.fxgl.ui.FXGLUIFactory
Notification Service: class com.almasb.fxgl.gameplay.notification.XboxNotificationView
Exception Handler: class com.almasb.fxgl.app.FXGLExceptionHandler
06:43:35.071 [FXGL Launcher Thread     ] DEBUG GameApplication      - Configuring GameApplication
06:43:35.071 [FXGL Launcher Thread     ] DEBUG GameApplication      - Initializing state machine and application states
06:43:35.077 [FXGL Launcher Thread     ] DEBUG AssetLoader          - Loading from disk: /assets/ui/cursors/fxgl_default.png
06:43:35.089 [FXGL Launcher Thread     ] DEBUG AssetLoader          - Loading from disk: /assets/ui/cursors/fxgl_default.png
06:43:35.090 [FXGL Launcher Thread     ] DEBUG AssetLoader          - Loading from disk: /assets/ui/cursors/fxgl_default.png
06:43:35.094 [FXGL Launcher Thread     ] DEBUG AssetLoader          - Loading from disk: /assets/sounds/core/notification.wav
06:43:35.112 [FXGL Launcher Thread     ] DEBUG AssetLoader          - Loading from disk: /assets/sounds/menu/select.wav
06:43:35.113 [FXGL Launcher Thread     ] DEBUG AssetLoader          - Loading from disk: /assets/sounds/menu/back.wav
06:43:35.114 [FXGL Launcher Thread     ] DEBUG AssetLoader          - Loading from disk: /assets/sounds/menu/press.wav
06:43:35.116 [FXGL Launcher Thread     ] DEBUG AssetLoader          - Loading from disk: /assets/ui/fonts/VarelaRound-Regular.ttf
06:43:35.166 [FXGL Launcher Thread     ] DEBUG AssetLoader          - Loading from disk: /assets/ui/fonts/lucida_console.ttf
06:43:35.168 [FXGL Launcher Thread     ] DEBUG AssetLoader          - Loading from disk: /assets/ui/css/fxgl_dark.css
06:43:35.169 [FXGL Launcher Thread     ] DEBUG AssetLoader          - Loading from disk: /assets/ui/icons/fxgl_icon.png
06:43:35.174 [FXGL Launcher Thread     ] DEBUG AssetLoader          - Loading from disk: /assets/ui/cursors/fxgl_default.png
06:43:35.185 [FXGL Launcher Thread     ] DEBUG FXGL.GameScene       - Game scene initialized: 1920x1080
06:43:35.187 [FXGL Launcher Thread     ] DEBUG FXGL.GameWorld       - Game world initialized
06:43:35.217 [FXGL Launcher Thread     ] DEBUG PhysicsWorld         - Physics world initialized: appHeight=1080, physics.ppm=50.0
06:43:35.222 [FXGL Launcher Thread     ] DEBUG AssetLoader          - Loading from disk: /assets/ui/cursors/fxgl_default.png
06:43:35.229 [FXGL Launcher Thread     ] DEBUG AssetLoader          - Loading from disk: /assets/ui/cursors/fxgl_default.png
06:43:35.231 [FXGL Launcher Thread     ] DEBUG FXGL.Menu            - createMenuBodyMainMenu()
06:43:35.235 [FXGL Launcher Thread     ] DEBUG AssetLoader          - Loading from disk: /assets/properties/languages/english.properties
06:43:35.236 [FXGL Launcher Thread     ] DEBUG AssetLoader          - Loading from cache: /assets/properties/languages/english.properties
06:43:35.236 [FXGL Launcher Thread     ] DEBUG FXGL.Menu            - createOptionsMenu()
06:43:35.236 [FXGL Launcher Thread     ] DEBUG AssetLoader          - Loading from cache: /assets/properties/languages/english.properties
06:43:35.237 [FXGL Launcher Thread     ] DEBUG AssetLoader          - Loading from cache: /assets/properties/languages/english.properties
06:43:35.237 [FXGL Launcher Thread     ] DEBUG AssetLoader          - Loading from cache: /assets/properties/languages/english.properties
06:43:35.237 [FXGL Launcher Thread     ] DEBUG AssetLoader          - Loading from cache: /assets/properties/languages/english.properties
06:43:35.237 [FXGL Launcher Thread     ] DEBUG AssetLoader          - Loading from cache: /assets/properties/languages/english.properties
06:43:35.238 [FXGL Launcher Thread     ] DEBUG AssetLoader          - Loading from cache: /assets/properties/languages/english.properties
06:43:35.239 [FXGL Launcher Thread     ] DEBUG AssetLoader          - Loading from cache: /assets/properties/languages/english.properties
06:43:35.239 [FXGL Launcher Thread     ] DEBUG AssetLoader          - Loading from cache: /assets/properties/languages/english.properties
06:43:35.240 [FXGL Launcher Thread     ] DEBUG AssetLoader          - Loading from disk: /assets/ui/cursors/fxgl_default.png
06:43:35.241 [FXGL Launcher Thread     ] DEBUG FXGL.Menu            - createMenuBodyGameMenu()
06:43:35.241 [FXGL Launcher Thread     ] DEBUG AssetLoader          - Loading from cache: /assets/properties/languages/english.properties
06:43:35.241 [FXGL Launcher Thread     ] DEBUG AssetLoader          - Loading from cache: /assets/properties/languages/english.properties
06:43:35.241 [FXGL Launcher Thread     ] DEBUG FXGL.Menu            - createOptionsMenu()
06:43:35.241 [FXGL Launcher Thread     ] DEBUG AssetLoader          - Loading from cache: /assets/properties/languages/english.properties
06:43:35.241 [FXGL Launcher Thread     ] DEBUG AssetLoader          - Loading from cache: /assets/properties/languages/english.properties
06:43:35.242 [FXGL Launcher Thread     ] DEBUG AssetLoader          - Loading from cache: /assets/properties/languages/english.properties
06:43:35.242 [FXGL Launcher Thread     ] DEBUG AssetLoader          - Loading from cache: /assets/properties/languages/english.properties
06:43:35.242 [FXGL Launcher Thread     ] DEBUG AssetLoader          - Loading from cache: /assets/properties/languages/english.properties
06:43:35.242 [FXGL Launcher Thread     ] DEBUG AssetLoader          - Loading from cache: /assets/properties/languages/english.properties
06:43:35.242 [FXGL Launcher Thread     ] DEBUG AssetLoader          - Loading from cache: /assets/properties/languages/english.properties
06:43:35.246 [FXGL Launcher Thread     ] INFO  GameApplication      - Game configuration took:  0.175 sec
06:43:35.248 [JavaFX Application Thread] DEBUG MainWindow           - Opening main window
06:43:35.277 [JavaFX Application Thread] DEBUG MainWindow           - Window border size: (0.0, 0.0)
06:43:35.277 [JavaFX Application Thread] DEBUG MainWindow           - Scaled size: 1920.0 x 1080.0
06:43:35.277 [JavaFX Application Thread] DEBUG MainWindow           - Scaled ratio: (1.0, 1.0)
06:43:35.277 [JavaFX Application Thread] DEBUG MainWindow           - Scene size: 1920.0 x 1080.0
06:43:35.277 [JavaFX Application Thread] DEBUG MainWindow           - Stage size: 1920.0 x 1080.0
06:43:35.277 [JavaFX Application Thread] DEBUG GameApplication      - Running preInit()
06:43:35.278 [JavaFX Application Thread] DEBUG AnnotationParser     - Main app package name: me.jordan.zombiegame
06:43:35.321 [JavaFX Application Thread] DEBUG AnnotationParser     - @SetAchievementStore: []
06:43:35.333 [JavaFX Application Thread] DEBUG Input                - Registered new binding: Screenshot - P
06:43:35.333 [JavaFX Application Thread] DEBUG Input                - Registered new binding: Dev Options - CTRL+0
06:43:35.334 [JavaFX Application Thread] DEBUG Input                - Registered new binding: Restart - CTRL+R
06:43:35.334 [JavaFX Application Thread] FATAL GameApplication      - Uncaught Exception:

Fatal exception occurred: java.lang.Error : Unresolved compilation problems: 
	The constructor UserAction() is undefined
	The constructor UserAction() is undefined
	The constructor UserAction() is undefined
	The constructor UserAction() is undefined
	player cannot be resolved to a type
	Syntax error, insert "VariableDeclarators" to complete LocalVariableDeclaration
	Syntax error, insert ";" to complete LocalVariableDeclarationStatement

E: me.jordan.zombiegame.Game.initInput(Game.java:62)
E: com.almasb.fxgl.app.GameApplication.runPreInit(GameApplication.java:332)
E: com.almasb.fxgl.app.GameApplication.access$700(GameApplication.java:81)
E: com.almasb.fxgl.app.GameApplication$FXGLStartTask.succeeded(GameApplication.java:147)
E: javafx.concurrent.Task.setState(Task.java:724)
E: javafx.concurrent.Task$TaskCallable.lambda$call$500(Task.java:1434)
E: com.sun.javafx.application.PlatformImpl.lambda$null$173(PlatformImpl.java:295)
E: java.security.AccessController.doPrivileged(Native Method)
E: com.sun.javafx.application.PlatformImpl.lambda$runLater$174(PlatformImpl.java:294)
E: com.sun.glass.ui.InvokeLaterDispatcher$Future.run(InvokeLaterDispatcher.java:95)
E: com.sun.glass.ui.win.WinApplication._runLoop(Native Method)
E: com.sun.glass.ui.win.WinApplication.lambda$null$148(WinApplication.java:191)
E: java.lang.Thread.run(Unknown Source)

06:43:35.334 [JavaFX Application Thread] FATAL GameApplication      - Application will now exit
06:43:36.984 [JavaFX Application Thread] DEBUG GameApplication      - Exiting game application
06:43:36.985 [JavaFX Application Thread] DEBUG GameApplication      - Shutting down background threads
06:43:36.986 [JavaFX Application Thread] DEBUG GameApplication      - Exiting FXGL
06:43:36.986 [JavaFX Application Thread] DEBUG FXGL                 - Saving FXGL system data
06:43:36.987 [JavaFX Application Thread] DEBUG IOTask               - Executing task: writeDataTask(system/fxgl.bundle)
06:43:36.988 [JavaFX Application Thread] DEBUG FS                   - Writing to: system\fxgl.bundle
06:43:36.989 [JavaFX Application Thread] DEBUG IOTask               - Task succeeded: writeDataTask(system/fxgl.bundle)
06:43:36.992 [JavaFX Application Thread] DEBUG GameApplication      - Closing logger and exiting JavaFX
